2025-02-12 14:44:24 [main] WARN  UserService - 아이디 또는 비밀번호가 일치하지 않습니다.
2025-02-12 14:45:32 [main] WARN  UserService - 아이디 또는 비밀번호가 일치하지 않습니다.
2025-02-12 14:55:11 [main] WARN  UserController - 잘못된 입력: 숫자가 아님
2025-02-12 14:59:57 [main] INFO  RoomService - 
방 생성 완료! 참가 코드: R1Z348
2025-02-12 16:47:23 [main] INFO  RoomService - 
방 생성 완료! 참가 코드: W80A26
2025-02-12 16:47:30 [main] WARN  RoomService - 
⚠유효하지 않은 방 코드입니다.
2025-02-12 16:53:08 [main] INFO  RoomService - 
방 생성 완료! 참가 코드: MK4698
2025-02-19 11:21:46 [Test worker] WARN  UserService - 이미 사용 중인 이메일입니다.
2025-02-19 11:23:55 [Test worker] WARN  UserService - 이미 사용 중인 이메일입니다.
2025-02-19 11:24:07 [Test worker] WARN  UserService - 이미 사용 중인 이메일입니다.
2025-02-19 11:25:48 [Test worker] WARN  UserService - 이미 사용 중인 이메일입니다.
2025-02-19 11:40:12 [Test worker] INFO  RoomService - 
방 생성 완료! 참가 코드: AB1234
2025-02-19 12:08:04 [Test worker] INFO  RoomService - 
방 생성 완료! 참가 코드: AB1234
2025-02-19 12:09:44 [Test worker] INFO  RoomService - 
방 생성 완료! 참가 코드: AB1234
2025-02-19 12:18:18 [Test worker] WARN  RoomService - 
⚠유효하지 않은 방 코드입니다.
2025-02-19 12:18:44 [Test worker] WARN  RoomService - 
⚠유효하지 않은 방 코드입니다.
2025-02-19 12:21:22 [Test worker] WARN  RoomService - 
⚠유효하지 않은 방 코드입니다.
2025-02-19 12:25:31 [Test worker] WARN  RoomService - 
⚠유효하지 않은 방 코드입니다.
2025-02-19 12:25:31 [Test worker] INFO  RoomService - 
방 생성 완료! 참가 코드: AB1234
2025-02-19 12:27:14 [Test worker] WARN  RoomService - 
⚠유효하지 않은 방 코드입니다.
2025-02-19 12:27:14 [Test worker] WARN  RoomService - 
방이 가득 찼습니다! 다른 방을 시도해 주세요.
2025-02-19 12:27:14 [Test worker] INFO  RoomService - 
방 생성 완료! 참가 코드: AB1234
2025-02-19 12:28:28 [Test worker] WARN  RoomService - 
⚠유효하지 않은 방 코드입니다.
2025-02-19 12:28:28 [Test worker] WARN  RoomService - 
방이 가득 찼습니다! 다른 방을 시도해 주세요.
2025-02-19 12:28:28 [Test worker] INFO  RoomService - 
방 생성 완료! 참가 코드: AB1234
2025-02-19 12:33:17 [Test worker] WARN  RoomService - 
방이 가득 찼습니다! 다른 방을 시도해 주세요.
2025-02-19 12:33:17 [Test worker] INFO  RoomService - 
방 생성 완료! 참가 코드: AB1234
2025-02-19 12:33:17 [Test worker] WARN  RoomService - 
⚠유효하지 않은 방 코드입니다.
2025-02-19 14:27:10 [Test worker] WARN  RoomService - 
방이 가득 찼습니다! 다른 방을 시도해 주세요.
2025-02-19 14:27:10 [Test worker] INFO  RoomService - 
방 생성 완료! 참가 코드: AB1234
2025-02-19 14:27:10 [Test worker] WARN  RoomService - 
⚠유효하지 않은 방 코드입니다.
2025-02-19 14:27:10 [Test worker] WARN  UserService - 이미 사용 중인 이메일입니다.
2025-02-19 14:35:51 [Test worker] WARN  RoomService - 
방이 가득 찼습니다! 다른 방을 시도해 주세요.
2025-02-19 14:35:51 [Test worker] INFO  RoomService - 
방 생성 완료! 참가 코드: AB1234
2025-02-19 14:35:51 [Test worker] WARN  RoomService - 
⚠유효하지 않은 방 코드입니다.
2025-02-19 14:35:51 [Test worker] WARN  UserService - 이미 사용 중인 이메일입니다.
2025-02-19 15:05:00 [Test worker] WARN  RoomService - 
방이 가득 찼습니다! 다른 방을 시도해 주세요.
2025-02-19 15:05:00 [Test worker] INFO  RoomService - 
방 생성 완료! 참가 코드: AB1234
2025-02-19 15:05:00 [Test worker] WARN  RoomService - 
⚠유효하지 않은 방 코드입니다.
2025-02-19 15:05:00 [Test worker] WARN  UserService - 이미 사용 중인 이메일입니다.
2025-02-19 15:20:12 [Test worker] WARN  RoomService - 
방이 가득 찼습니다! 다른 방을 시도해 주세요.
2025-02-19 15:20:12 [Test worker] INFO  RoomService - 
방 생성 완료! 참가 코드: AB1234
2025-02-19 15:20:12 [Test worker] WARN  RoomService - 
⚠유효하지 않은 방 코드입니다.
2025-02-19 15:20:12 [Test worker] WARN  UserService - 이미 사용 중인 이메일입니다.
2025-02-19 15:20:28 [Test worker] WARN  RoomService - 
방이 가득 찼습니다! 다른 방을 시도해 주세요.
2025-02-19 15:20:28 [Test worker] INFO  RoomService - 
방 생성 완료! 참가 코드: AB1234
2025-02-19 15:20:28 [Test worker] WARN  RoomService - 
⚠유효하지 않은 방 코드입니다.
2025-02-19 15:20:28 [Test worker] WARN  UserService - 이미 사용 중인 이메일입니다.
2025-02-19 15:21:57 [Test worker] WARN  RoomService - 
방이 가득 찼습니다! 다른 방을 시도해 주세요.
2025-02-19 15:21:57 [Test worker] INFO  RoomService - 
방 생성 완료! 참가 코드: AB1234
2025-02-19 15:21:57 [Test worker] WARN  RoomService - 
⚠유효하지 않은 방 코드입니다.
2025-02-19 15:21:57 [Test worker] WARN  UserService - 이미 사용 중인 이메일입니다.
2025-02-19 15:24:39 [main] WARN  RoomService - 
⚠유효하지 않은 방 코드입니다.
